<?xml version="1.0" encoding="UTF-8"?>
<testng-results skipped="0" failed="0" ignored="0" total="1" passed="1">
  <reporter-output>
  </reporter-output>
  <suite name="Default suite" duration-ms="21461" started-at="2020-10-14T15:49:57Z" finished-at="2020-10-14T15:50:19Z">
    <groups>
    </groups>
    <test name="Default test" duration-ms="21461" started-at="2020-10-14T15:49:57Z" finished-at="2020-10-14T15:50:19Z">
      <class name="Practise.Demo1">
        <test-method status="PASS" signature="m1()[pri:0, instance:Practise.Demo1@c038203]" name="m1" duration-ms="21406" started-at="2020-10-14T15:49:57Z" finished-at="2020-10-14T15:50:19Z">
          <reporter-output>
          </reporter-output>
        </test-method> <!-- m1 -->
      </class> <!-- Practise.Demo1 -->
    </test> <!-- Default test -->
  </suite> <!-- Default suite -->
</testng-results>
